Warming up PyWSD (takes ~10 secs)... Loading the LM will be faster if you build a binary file.
Reading /remote-home/myzhao/Code/NLP/EPDA/lms/offense.arpa
----5---10---15---20---25---30---35---40---45---50---55---60---65---70---75---80---85---90---95--100
****************************************************************************************************
Simple Test
['So cunning the little baby is crying!', 'So cute the little baby is crying!']
Start to read:  new_data/sst/train_10.txt
[9.085106382978724, 4.145631067961165, 5.175757575757576, 3.174721189591078, 7.116666666666666] [94, 206, 165, 269, 120]
Load Over, Find:  854  datas.
Start to read:  new_data/sst/test.txt
[7.921146953405018, 3.4913112164297, 5.681233933161954, 4.333333333333333, 5.538847117794486] [279, 633, 389, 510, 399]
Load Over, Find:  2210  datas.
Start to read:  new_data/sst/dev.txt
[15.714285714285714, 4.230769230769231, 2.972972972972973, 3.9285714285714284, 9.166666666666666] [7, 26, 37, 28, 12]
Load Over, Find:  110  datas.
Start to read:  new_data/sst/devtest.txt
[9.166666666666666, 4.074074074074074, 7.333333333333333, 2.8205128205128207, 6.470588235294118] [12, 27, 15, 39, 17]
Load Over, Find:  110  datas.
took 5.701900005340576 secs.
Some weights of the model checkpoint at xlm-roberta-base were not used when initializing XLMRobertaForSequenceClassification: ['lm_head.decoder.weight', 'lm_head.layer_norm.bias', 'lm_head.dense.weight', 'roberta.pooler.dense.bias', 'lm_head.bias', 'lm_head.dense.bias', 'roberta.pooler.dense.weight', 'lm_head.layer_norm.weight']
- This IS expected if you are initializing XLMRobertaForSequenceClassification from the checkpoint of a model trained on another task or with another architecture (e.g. initializing a BertForSequenceClassification model from a BertForPreTraining model).
- This IS NOT expected if you are initializing XLMRobertaForSequenceClassification from the checkpoint of a model that you expect to be exactly identical (initializing a BertForSequenceClassification model from a BertForSequenceClassification model).
Some weights of XLMRobertaForSequenceClassification were not initialized from the model checkpoint at xlm-roberta-base and are newly initialized: ['classifier.dense.weight', 'classifier.out_proj.bias', 'classifier.out_proj.weight', 'classifier.dense.bias']
You should probably TRAIN this model on a down-stream task to be able to use it for predictions and inference.
Pretraining To Generate Samples
Start Dev.
2e-05
--Current Dev 0.34545454545454546 Devtest 0.36363636363636365 Max Dev 0.0 Max DevTest 0.0 Epoch 0
Test Acc, 0.26018099547511314
Start Dev.
2e-05
--Current Dev 0.2545454545454545 Devtest 0.35454545454545455 Max Dev 0.34545454545454546 Max DevTest 0.36363636363636365 Epoch 0
Test Acc, 0.23076923076923078
Start Dev.
2e-05
--Current Dev 0.2545454545454545 Devtest 0.35454545454545455 Max Dev 0.34545454545454546 Max DevTest 0.36363636363636365 Epoch 1
Test Acc, 0.2321266968325792
Start Dev.
2e-05
--Current Dev 0.3181818181818182 Devtest 0.4090909090909091 Max Dev 0.34545454545454546 Max DevTest 0.36363636363636365 Epoch 1
Test Acc, 0.285972850678733
Start Dev.
2e-05
--Current Dev 0.2636363636363636 Devtest 0.36363636363636365 Max Dev 0.3181818181818182 Max DevTest 0.4090909090909091 Epoch 2
Test Acc, 0.26108597285067875
Start Dev.
2e-05
--Current Dev 0.35454545454545455 Devtest 0.34545454545454546 Max Dev 0.3181818181818182 Max DevTest 0.4090909090909091 Epoch 2
Test Acc, 0.35158371040723985
Start Dev.
2e-05
--Current Dev 0.3 Devtest 0.37272727272727274 Max Dev 0.3181818181818182 Max DevTest 0.4090909090909091 Epoch 3
Test Acc, 0.25565610859728505
Start Dev.
2e-05
--Current Dev 0.3181818181818182 Devtest 0.3090909090909091 Max Dev 0.3181818181818182 Max DevTest 0.4090909090909091 Epoch 3
Test Acc, 0.3606334841628959
Start Dev.
2e-05
--Current Dev 0.32727272727272727 Devtest 0.39090909090909093 Max Dev 0.3181818181818182 Max DevTest 0.4090909090909091 Epoch 4
Test Acc, 0.31493212669683257
Start Dev.
2e-05
--Current Dev 0.34545454545454546 Devtest 0.4090909090909091 Max Dev 0.3181818181818182 Max DevTest 0.4090909090909091 Epoch 4
Test Acc, 0.40226244343891404
Start Dev.
2e-05
--Current Dev 0.34545454545454546 Devtest 0.4 Max Dev 0.34545454545454546 Max DevTest 0.4090909090909091 Epoch 5
Test Acc, 0.3497737556561086
Start Dev.
2e-05
--Current Dev 0.39090909090909093 Devtest 0.41818181818181815 Max Dev 0.34545454545454546 Max DevTest 0.4090909090909091 Epoch 5
Test Acc, 0.40361990950226245
Start Dev.
2e-05
--Current Dev 0.39090909090909093 Devtest 0.4 Max Dev 0.39090909090909093 Max DevTest 0.41818181818181815 Epoch 6
Test Acc, 0.4434389140271493
Start Dev.
2e-05
--Current Dev 0.4 Devtest 0.44545454545454544 Max Dev 0.39090909090909093 Max DevTest 0.41818181818181815 Epoch 6
Test Acc, 0.4171945701357466
Start Dev.
2e-05
--Current Dev 0.41818181818181815 Devtest 0.4727272727272727 Max Dev 0.4 Max DevTest 0.44545454545454544 Epoch 7
Test Acc, 0.42036199095022625
Start Dev.
2e-05
--Current Dev 0.44545454545454544 Devtest 0.4090909090909091 Max Dev 0.41818181818181815 Max DevTest 0.4727272727272727 Epoch 7
Test Acc, 0.4316742081447964
Start Dev.
2e-05
--Current Dev 0.44545454545454544 Devtest 0.37272727272727274 Max Dev 0.41818181818181815 Max DevTest 0.4727272727272727 Epoch 8
Test Acc, 0.43574660633484164
Start Dev.
2e-05
--Current Dev 0.43636363636363634 Devtest 0.45454545454545453 Max Dev 0.41818181818181815 Max DevTest 0.4727272727272727 Epoch 8
Test Acc, 0.46289592760181
Start Dev.
2e-05
--Current Dev 0.41818181818181815 Devtest 0.38181818181818183 Max Dev 0.41818181818181815 Max DevTest 0.4727272727272727 Epoch 9
Test Acc, 0.4506787330316742
Start Dev.
2e-05
--Current Dev 0.44545454545454544 Devtest 0.37272727272727274 Max Dev 0.41818181818181815 Max DevTest 0.4727272727272727 Epoch 9
Test Acc, 0.3936651583710407
Start to update Dataset
Before 14
Start Update Dataset, Find  854 datas.
Update Dataset Finish, Find  3416 datas.
< Update Done.
After 54
Start Dev.
1e-05
--Current Dev 0.35454545454545455 Devtest 0.37272727272727274 Max Dev 0.41818181818181815 Max DevTest 0.4727272727272727 Epoch 10
Test Acc, 0.4253393665158371
Start Dev.
1e-05
--Current Dev 0.509090909090909 Devtest 0.44545454545454544 Max Dev 0.41818181818181815 Max DevTest 0.4727272727272727 Epoch 10
Test Acc, 0.448868778280543
Start Dev.
1e-05
--Current Dev 0.45454545454545453 Devtest 0.41818181818181815 Max Dev 0.41818181818181815 Max DevTest 0.4727272727272727 Epoch 10
Test Acc, 0.4090497737556561
Start Dev.
1e-05
--Current Dev 0.43636363636363634 Devtest 0.39090909090909093 Max Dev 0.41818181818181815 Max DevTest 0.4727272727272727 Epoch 10
Test Acc, 0.43755656108597285
Start Dev.
1e-05
--Current Dev 0.42727272727272725 Devtest 0.37272727272727274 Max Dev 0.41818181818181815 Max DevTest 0.4727272727272727 Epoch 10
Test Acc, 0.41900452488687784
Start Dev.
1e-05
--Current Dev 0.45454545454545453 Devtest 0.43636363636363634 Max Dev 0.41818181818181815 Max DevTest 0.4727272727272727 Epoch 10
Test Acc, 0.4434389140271493
Start Dev.
1e-05
--Current Dev 0.509090909090909 Devtest 0.39090909090909093 Max Dev 0.41818181818181815 Max DevTest 0.4727272727272727 Epoch 10
Test Acc, 0.43619909502262444
Start Dev.
1e-05
--Current Dev 0.44545454545454544 Devtest 0.4 Max Dev 0.41818181818181815 Max DevTest 0.4727272727272727 Epoch 11
Test Acc, 0.42171945701357466
Start Dev.
1e-05
--Current Dev 0.44545454545454544 Devtest 0.41818181818181815 Max Dev 0.41818181818181815 Max DevTest 0.4727272727272727 Epoch 11
Test Acc, 0.4257918552036199
Start Dev.
1e-05
--Current Dev 0.5 Devtest 0.41818181818181815 Max Dev 0.41818181818181815 Max DevTest 0.4727272727272727 Epoch 11
Test Acc, 0.4230769230769231
Start Dev.
1e-05
--Current Dev 0.4727272727272727 Devtest 0.41818181818181815 Max Dev 0.41818181818181815 Max DevTest 0.4727272727272727 Epoch 11
Test Acc, 0.430316742081448
Start Dev.
1e-05
--Current Dev 0.509090909090909 Devtest 0.4 Max Dev 0.41818181818181815 Max DevTest 0.4727272727272727 Epoch 11
Test Acc, 0.42217194570135747
Start Dev.
1e-05
--Current Dev 0.4818181818181818 Devtest 0.43636363636363634 Max Dev 0.41818181818181815 Max DevTest 0.4727272727272727 Epoch 11
Test Acc, 0.4334841628959276
Start Dev.
1e-05
--Current Dev 0.4727272727272727 Devtest 0.4 Max Dev 0.41818181818181815 Max DevTest 0.4727272727272727 Epoch 11
Test Acc, 0.416289592760181
Start Dev.
1e-05
--Current Dev 0.4909090909090909 Devtest 0.42727272727272725 Max Dev 0.41818181818181815 Max DevTest 0.4727272727272727 Epoch 11
Test Acc, 0.432579185520362
Start Dev.
1e-05
--Current Dev 0.5181818181818182 Devtest 0.4 Max Dev 0.41818181818181815 Max DevTest 0.4727272727272727 Epoch 12
Test Acc, 0.4257918552036199
Start Dev.
1e-05
--Current Dev 0.45454545454545453 Devtest 0.4 Max Dev 0.41818181818181815 Max DevTest 0.4727272727272727 Epoch 12
Test Acc, 0.4067873303167421
Start Dev.
1e-05
--Current Dev 0.4909090909090909 Devtest 0.43636363636363634 Max Dev 0.41818181818181815 Max DevTest 0.4727272727272727 Epoch 12
Test Acc, 0.4289592760180995
Start Dev.
1e-05
--Current Dev 0.43636363636363634 Devtest 0.41818181818181815 Max Dev 0.41818181818181815 Max DevTest 0.4727272727272727 Epoch 12
Test Acc, 0.4063348416289593
Start Dev.
1e-05
--Current Dev 0.4727272727272727 Devtest 0.39090909090909093 Max Dev 0.41818181818181815 Max DevTest 0.4727272727272727 Epoch 12
Test Acc, 0.41809954751131223
Start Dev.
1e-05
--Current Dev 0.4909090909090909 Devtest 0.41818181818181815 Max Dev 0.41818181818181815 Max DevTest 0.4727272727272727 Epoch 12
Test Acc, 0.4113122171945701
Start Dev.
1e-05
--Current Dev 0.509090909090909 Devtest 0.39090909090909093 Max Dev 0.41818181818181815 Max DevTest 0.4727272727272727 Epoch 12
Test Acc, 0.43710407239819005
Start Dev.
1e-05
--Current Dev 0.44545454545454544 Devtest 0.42727272727272725 Max Dev 0.41818181818181815 Max DevTest 0.4727272727272727 Epoch 12
Test Acc, 0.42262443438914027
Start Dev.
1e-05
--Current Dev 0.509090909090909 Devtest 0.39090909090909093 Max Dev 0.41818181818181815 Max DevTest 0.4727272727272727 Epoch 13
Test Acc, 0.4257918552036199
Start Dev.
1e-05
--Current Dev 0.4727272727272727 Devtest 0.42727272727272725 Max Dev 0.41818181818181815 Max DevTest 0.4727272727272727 Epoch 13
Test Acc, 0.4239819004524887
Start Dev.
1e-05
--Current Dev 0.4818181818181818 Devtest 0.44545454545454544 Max Dev 0.41818181818181815 Max DevTest 0.4727272727272727 Epoch 13
Test Acc, 0.4321266968325792
Start Dev.
1e-05
--Current Dev 0.44545454545454544 Devtest 0.4090909090909091 Max Dev 0.41818181818181815 Max DevTest 0.4727272727272727 Epoch 13
Test Acc, 0.434841628959276
Start Dev.
1e-05
--Current Dev 0.44545454545454544 Devtest 0.41818181818181815 Max Dev 0.41818181818181815 Max DevTest 0.4727272727272727 Epoch 13
Test Acc, 0.4085972850678733
Start Dev.
1e-05
--Current Dev 0.4636363636363636 Devtest 0.43636363636363634 Max Dev 0.41818181818181815 Max DevTest 0.4727272727272727 Epoch 13
Test Acc, 0.4257918552036199
Start Dev.
1e-05
--Current Dev 0.4818181818181818 Devtest 0.42727272727272725 Max Dev 0.41818181818181815 Max DevTest 0.4727272727272727 Epoch 13
Test Acc, 0.42217194570135747
Start Dev.
1e-05
--Current Dev 0.4818181818181818 Devtest 0.4727272727272727 Max Dev 0.41818181818181815 Max DevTest 0.4727272727272727 Epoch 14
Test Acc, 0.434841628959276
Start Dev.
1e-05
--Current Dev 0.4727272727272727 Devtest 0.44545454545454544 Max Dev 0.4818181818181818 Max DevTest 0.4727272727272727 Epoch 14
Test Acc, 0.4257918552036199
Start Dev.
1e-05
--Current Dev 0.4636363636363636 Devtest 0.43636363636363634 Max Dev 0.4818181818181818 Max DevTest 0.4727272727272727 Epoch 14
Test Acc, 0.4266968325791855
Start Dev.
1e-05
--Current Dev 0.4909090909090909 Devtest 0.43636363636363634 Max Dev 0.4818181818181818 Max DevTest 0.4727272727272727 Epoch 14
Test Acc, 0.434841628959276
Start Dev.
1e-05
--Current Dev 0.4727272727272727 Devtest 0.43636363636363634 Max Dev 0.4818181818181818 Max DevTest 0.4727272727272727 Epoch 14
Test Acc, 0.3995475113122172
Start Dev.
1e-05
--Current Dev 0.43636363636363634 Devtest 0.45454545454545453 Max Dev 0.4818181818181818 Max DevTest 0.4727272727272727 Epoch 14
Test Acc, 0.41266968325791853
Start Dev.
1e-05
--Current Dev 0.509090909090909 Devtest 0.4636363636363636 Max Dev 0.4818181818181818 Max DevTest 0.4727272727272727 Epoch 14
Test Acc, 0.43891402714932126
Start Dev.
1e-05
--Current Dev 0.4909090909090909 Devtest 0.42727272727272725 Max Dev 0.4818181818181818 Max DevTest 0.4727272727272727 Epoch 14
Test Acc, 0.4280542986425339
Start Dev.
5e-06
--Current Dev 0.45454545454545453 Devtest 0.41818181818181815 Max Dev 0.4818181818181818 Max DevTest 0.4727272727272727 Epoch 15
Test Acc, 0.42262443438914027
Start Dev.
5e-06
--Current Dev 0.43636363636363634 Devtest 0.4727272727272727 Max Dev 0.4818181818181818 Max DevTest 0.4727272727272727 Epoch 15
Test Acc, 0.42126696832579186
Start Dev.
5e-06
--Current Dev 0.43636363636363634 Devtest 0.43636363636363634 Max Dev 0.4818181818181818 Max DevTest 0.4727272727272727 Epoch 15
Test Acc, 0.42036199095022625
Start Dev.
5e-06
--Current Dev 0.4636363636363636 Devtest 0.4090909090909091 Max Dev 0.4818181818181818 Max DevTest 0.4727272727272727 Epoch 15
Test Acc, 0.41266968325791853
Start Dev.
5e-06
--Current Dev 0.4727272727272727 Devtest 0.4 Max Dev 0.4818181818181818 Max DevTest 0.4727272727272727 Epoch 15
Test Acc, 0.4117647058823529
Start Dev.
5e-06
--Current Dev 0.4636363636363636 Devtest 0.42727272727272725 Max Dev 0.4818181818181818 Max DevTest 0.4727272727272727 Epoch 15
Test Acc, 0.4239819004524887
Start Dev.
5e-06
--Current Dev 0.44545454545454544 Devtest 0.42727272727272725 Max Dev 0.4818181818181818 Max DevTest 0.4727272727272727 Epoch 15
Test Acc, 0.4294117647058823
Start Dev.
5e-06
--Current Dev 0.43636363636363634 Devtest 0.43636363636363634 Max Dev 0.4818181818181818 Max DevTest 0.4727272727272727 Epoch 15
Test Acc, 0.4271493212669683
Start Dev.
5e-06
--Current Dev 0.4636363636363636 Devtest 0.41818181818181815 Max Dev 0.4818181818181818 Max DevTest 0.4727272727272727 Epoch 16
Test Acc, 0.4312217194570136
Start Dev.
5e-06
--Current Dev 0.509090909090909 Devtest 0.42727272727272725 Max Dev 0.4818181818181818 Max DevTest 0.4727272727272727 Epoch 16
Test Acc, 0.432579185520362
Start Dev.
5e-06
--Current Dev 0.4727272727272727 Devtest 0.42727272727272725 Max Dev 0.4818181818181818 Max DevTest 0.4727272727272727 Epoch 16
Test Acc, 0.4253393665158371
Start Dev.
5e-06
--Current Dev 0.4818181818181818 Devtest 0.38181818181818183 Max Dev 0.4818181818181818 Max DevTest 0.4727272727272727 Epoch 16
Test Acc, 0.41357466063348414
Start Dev.
5e-06
--Current Dev 0.4909090909090909 Devtest 0.4 Max Dev 0.4818181818181818 Max DevTest 0.4727272727272727 Epoch 16
Test Acc, 0.39819004524886875
Start Dev.
5e-06
--Current Dev 0.5 Devtest 0.4090909090909091 Max Dev 0.4818181818181818 Max DevTest 0.4727272727272727 Epoch 16
Test Acc, 0.40271493212669685
Start Dev.
5e-06
--Current Dev 0.4636363636363636 Devtest 0.4090909090909091 Max Dev 0.4818181818181818 Max DevTest 0.4727272727272727 Epoch 16
Test Acc, 0.4072398190045249
Start Dev.
5e-06
--Current Dev 0.42727272727272725 Devtest 0.4090909090909091 Max Dev 0.4818181818181818 Max DevTest 0.4727272727272727 Epoch 16
Test Acc, 0.4099547511312217
Start Dev.
5e-06
--Current Dev 0.4909090909090909 Devtest 0.42727272727272725 Max Dev 0.4818181818181818 Max DevTest 0.4727272727272727 Epoch 17
Test Acc, 0.43574660633484164
Start Dev.
5e-06
--Current Dev 0.5 Devtest 0.43636363636363634 Max Dev 0.4818181818181818 Max DevTest 0.4727272727272727 Epoch 17
Test Acc, 0.4429864253393665
Start Dev.
5e-06
--Current Dev 0.4818181818181818 Devtest 0.44545454545454544 Max Dev 0.4818181818181818 Max DevTest 0.4727272727272727 Epoch 17
Test Acc, 0.4425339366515837
Start Dev.
5e-06
--Current Dev 0.4818181818181818 Devtest 0.43636363636363634 Max Dev 0.4818181818181818 Max DevTest 0.4727272727272727 Epoch 17
Test Acc, 0.4285067873303167
Start Dev.
5e-06
--Current Dev 0.5 Devtest 0.43636363636363634 Max Dev 0.4818181818181818 Max DevTest 0.4727272727272727 Epoch 17
Test Acc, 0.4248868778280543
Start Dev.
5e-06
--Current Dev 0.4909090909090909 Devtest 0.44545454545454544 Max Dev 0.4818181818181818 Max DevTest 0.4727272727272727 Epoch 17
Test Acc, 0.42217194570135747
Start Dev.
5e-06
--Current Dev 0.4909090909090909 Devtest 0.44545454545454544 Max Dev 0.4818181818181818 Max DevTest 0.4727272727272727 Epoch 17
Test Acc, 0.42126696832579186
Start Dev.
5e-06
--Current Dev 0.4818181818181818 Devtest 0.44545454545454544 Max Dev 0.4818181818181818 Max DevTest 0.4727272727272727 Epoch 18
Test Acc, 0.4257918552036199
Start Dev.
5e-06
--Current Dev 0.4818181818181818 Devtest 0.44545454545454544 Max Dev 0.4818181818181818 Max DevTest 0.4727272727272727 Epoch 18
Test Acc, 0.4230769230769231
Start Dev.
5e-06
--Current Dev 0.4636363636363636 Devtest 0.43636363636363634 Max Dev 0.4818181818181818 Max DevTest 0.4727272727272727 Epoch 18
Test Acc, 0.42171945701357466
Start Dev.
5e-06
--Current Dev 0.4727272727272727 Devtest 0.43636363636363634 Max Dev 0.4818181818181818 Max DevTest 0.4727272727272727 Epoch 18
Test Acc, 0.4298642533936652
Start Dev.
5e-06
--Current Dev 0.4636363636363636 Devtest 0.42727272727272725 Max Dev 0.4818181818181818 Max DevTest 0.4727272727272727 Epoch 18
Test Acc, 0.4298642533936652
Start Dev.
5e-06
--Current Dev 0.4818181818181818 Devtest 0.41818181818181815 Max Dev 0.4818181818181818 Max DevTest 0.4727272727272727 Epoch 18
Test Acc, 0.4248868778280543
Start Dev.
5e-06
--Current Dev 0.4818181818181818 Devtest 0.41818181818181815 Max Dev 0.4818181818181818 Max DevTest 0.4727272727272727 Epoch 18
Test Acc, 0.42171945701357466
Start Dev.
5e-06
--Current Dev 0.4727272727272727 Devtest 0.42727272727272725 Max Dev 0.4818181818181818 Max DevTest 0.4727272727272727 Epoch 18
Test Acc, 0.42081447963800905
Start Dev.
5e-06
--Current Dev 0.4727272727272727 Devtest 0.42727272727272725 Max Dev 0.4818181818181818 Max DevTest 0.4727272727272727 Epoch 19
Test Acc, 0.4330316742081448
Start Dev.
5e-06
--Current Dev 0.4727272727272727 Devtest 0.41818181818181815 Max Dev 0.4818181818181818 Max DevTest 0.4727272727272727 Epoch 19
Test Acc, 0.4429864253393665
Start Dev.
5e-06
--Current Dev 0.4727272727272727 Devtest 0.42727272727272725 Max Dev 0.4818181818181818 Max DevTest 0.4727272727272727 Epoch 19
Test Acc, 0.4443438914027149
Start Dev.
5e-06
--Current Dev 0.4727272727272727 Devtest 0.45454545454545453 Max Dev 0.4818181818181818 Max DevTest 0.4727272727272727 Epoch 19
Test Acc, 0.4402714932126697
Start Dev.
5e-06
--Current Dev 0.4727272727272727 Devtest 0.42727272727272725 Max Dev 0.4818181818181818 Max DevTest 0.4727272727272727 Epoch 19
Test Acc, 0.4312217194570136
Start Dev.
5e-06
--Current Dev 0.4727272727272727 Devtest 0.42727272727272725 Max Dev 0.4818181818181818 Max DevTest 0.4727272727272727 Epoch 19
Test Acc, 0.4312217194570136
Start Dev.
5e-06
--Current Dev 0.4727272727272727 Devtest 0.42727272727272725 Max Dev 0.4818181818181818 Max DevTest 0.4727272727272727 Epoch 19
Test Acc, 0.4271493212669683
Start Dev.
5e-06
--Current Dev 0.4727272727272727 Devtest 0.43636363636363634 Max Dev 0.4818181818181818 Max DevTest 0.4727272727272727 Epoch 19
Test Acc, 0.4257918552036199
[IMPORTANT] i= 0 Current Acc 0.434841628959276 Average Acc Score:  0.434841628959276
> Done.
